<?xml version="1.0" encoding="UTF-8"?>
<!-- Generated by org.testng.reporters.JUnitReportReporter -->
<testsuite hostname="home-PC" name="com.bestbuy.demotests.testpages.ShortTestClass" tests="1" failures="0" timestamp="6 Dec 2016 17:18:51 GMT" time="12.764" errors="0">
  <testcase name="transactionFailsForIncorrectPaymentInfo" time="12.764" classname="com.bestbuy.demotests.testpages.ShortTestClass"/>
</testsuite> <!-- com.bestbuy.demotests.testpages.ShortTestClass -->
