<?xml version="1.0" encoding="UTF-8"?>
<!-- Generated by org.testng.reporters.JUnitReportReporter -->
<testsuite hostname="home-PC" name="com.bestbuy.demotests.testpages.TestClass" tests="1" failures="0" timestamp="29 Jan 2017 05:39:52 GMT" time="121.883" errors="0">
  <testcase name="transactionFailsForIncorrectPaymentInfo" time="121.883" classname="com.bestbuy.demotests.testpages.TestClass"/>
</testsuite> <!-- com.bestbuy.demotests.testpages.TestClass -->
