<?xml version="1.0" encoding="UTF-8"?>
<!-- Generated by org.testng.reporters.JUnitReportReporter -->
<testsuite hostname="home-PC" name="testpages.TestClass" tests="1" failures="0" timestamp="2 Dec 2016 04:41:35 GMT" time="55.649" errors="0">
  <testcase name="transactionFailsWhenIncorrectPaymentInfo" time="55.649" classname="testpages.TestClass"/>
</testsuite> <!-- testpages.TestClass -->
